Flat profile:

Each sample counts as 0.01 seconds.
  %   cumulative   self              self     total           
 time   seconds   seconds    calls   s/call   s/call  name    
 41.64      1.17     1.17   869998     0.00     0.00  try_swap
 15.48      1.61     0.44 25584958     0.00     0.00  comp_td_point_to_point_delay
 13.52      1.99     0.38 12629702     0.00     0.00  get_non_updateable_bb
  7.65      2.20     0.22 15637785     0.00     0.00  get_net_cost
  6.05      2.37     0.17 18463104     0.00     0.00  get_seg_start
  4.98      2.51     0.14    68548     0.00     0.00  label_wire_muxes
  2.67      2.59     0.08   315200     0.00     0.00  get_bb_from_scratch
  2.14      2.65     0.06  3008047     0.00     0.00  update_bb
  0.71      2.67     0.02  1421350     0.00     0.00  get_rr_node_index
  0.71      2.69     0.02    22465     0.00     0.00  get_heap_head
  0.53      2.70     0.02        2     0.01     0.01  comp_bb_cost
  0.36      2.71     0.01   166056     0.00     0.00  is_sbox
  0.36      2.72     0.01    65868     0.00     0.00  get_unidir_track_to_chan_seg
  0.36      2.73     0.01    55176     0.00     0.00  get_track_to_tracks
  0.36      2.74     0.01    17092     0.00     0.00  alloc_and_load_edges_and_switches
  0.36      2.75     0.01     4966     0.00     0.00  is_opin
  0.36      2.76     0.01      511     0.00     0.00  get_mst_of_net
  0.36      2.77     0.01      477     0.00     0.00  timing_driven_route_net
  0.36      2.78     0.01      139     0.00     0.00  comp_td_costs
  0.36      2.79     0.01      124     0.00     0.00  load_net_slack
  0.36      2.80     0.01                             dump_seg_details
  0.18      2.81     0.01  3022684     0.00     0.00  my_irand
  0.18      2.81     0.01        1     0.01     0.01  my_srandom
  0.00      2.81     0.00   638248     0.00     0.00  my_frand
  0.00      2.81     0.00   383841     0.00     0.00  my_malloc
  0.00      2.81     0.00   222559     0.00     0.00  get_timing_driven_expected_cost
  0.00      2.81     0.00   222559     0.00     0.00  node_to_heap
  0.00      2.81     0.00   222082     0.00     0.00  get_rr_cong_cost
  0.00      2.81     0.00   218668     0.00     0.00  insert_in_edge_list
  0.00      2.81     0.00    78880     0.00     0.00  seg_index_of_cblock
  0.00      2.81     0.00    65868     0.00     0.00  seg_index_of_sblock
  0.00      2.81     0.00    29040     0.00     0.00  get_seg_end
  0.00      2.81     0.00    29040     0.00     0.00  is_cbox
  0.00      2.81     0.00    22465     0.00     0.00  free_heap_data
  0.00      2.81     0.00    21912     0.00     0.00  get_simple_switch_block_track
  0.00      2.81     0.00    20292     0.00     0.00  check_node
  0.00      2.81     0.00    19536     0.00     0.00  add_to_mod_list
  0.00      2.81     0.00    15972     0.00     0.00  get_track_to_ipins
  0.00      2.81     0.00     6904     0.00     0.00  my_chunk_malloc
  0.00      2.81     0.00     5604     0.00     0.00  insert_in_int_list
  0.00      2.81     0.00     4742     0.00     0.00  print_netlist
  0.00      2.81     0.00     4627     0.00     0.00  alloc_rt_node
  0.00      2.81     0.00     4627     0.00     0.00  alloc_trace_data
  0.00      2.81     0.00     3774     0.00     0.00  my_atoi
  0.00      2.81     0.00     3302     0.00     0.00  FreeTokens
  0.00      2.81     0.00     3287     0.00     0.00  CountTokens
  0.00      2.81     0.00     2943     0.00     0.00  ReadLineTokens
  0.00      2.81     0.00     1359     0.00     0.00  my_strdup
  0.00      2.81     0.00     1120     0.00     0.00  get_unidir_opin_connections
  0.00      2.81     0.00      954     0.00     0.00  pathfinder_update_one_cost
  0.00      2.81     0.00      649     0.00     0.00  hash_value
  0.00      2.81     0.00      649     0.00     0.00  insert_in_hash_table
  0.00      2.81     0.00      551     0.00     0.00  ezxml_decode
  0.00      2.81     0.00      479     0.00     0.00  free_traceback
  0.00      2.81     0.00      478     0.00     0.00  load_net_rr_terminals
  0.00      2.81     0.00      477     0.00     0.00  add_route_tree_to_heap
  0.00      2.81     0.00      477     0.00     0.00  empty_heap
  0.00      2.81     0.00      477     0.00     0.00  free_route_tree
  0.00      2.81     0.00      477     0.00     0.00  heapsort
  0.00      2.81     0.00      477     0.00     0.00  init_route_tree_to_source
  0.00      2.81     0.00      477     0.00     0.00  load_rt_subtree_Tdel
  0.00      2.81     0.00      477     0.00     0.00  mark_ends
  0.00      2.81     0.00      477     0.00     0.00  reset_path_costs
  0.00      2.81     0.00      477     0.00     0.00  update_net_delays_from_route_tree
  0.00      2.81     0.00      477     0.00     0.00  update_route_tree
  0.00      2.81     0.00      477     0.00     0.00  update_traceback
  0.00      2.81     0.00      450     0.00     0.00  FreeNode
  0.00      2.81     0.00      437     0.00     0.00  alloc_matrix
  0.00      2.81     0.00      431     0.00     0.00  ezxml_char_content
  0.00      2.81     0.00      430     0.00     0.00  free_matrix
  0.00      2.81     0.00      361     0.00     0.00  get_first_pin
  0.00      2.81     0.00      276     0.00     0.00  load_one_fb_fanout_count
  0.00      2.81     0.00      226     0.00     0.00  CountTokensInString
  0.00      2.81     0.00      222     0.00     0.00  ezxml_close_tag
  0.00      2.81     0.00      222     0.00     0.00  ezxml_cut
  0.00      2.81     0.00      222     0.00     0.00  ezxml_free
  0.00      2.81     0.00      222     0.00     0.00  ezxml_free_attr
  0.00      2.81     0.00      222     0.00     0.00  ezxml_open_tag
  0.00      2.81     0.00      221     0.00     0.00  ezxml_add_child
  0.00      2.81     0.00      221     0.00     0.00  ezxml_insert
  0.00      2.81     0.00      183     0.00     0.00  ezxml_attr
  0.00      2.81     0.00      180     0.00     0.00  ezxml_set_txt
  0.00      2.81     0.00      173     0.00     0.00  GetNodeTokens
  0.00      2.81     0.00      171     0.00     0.00  my_calloc
  0.00      2.81     0.00      143     0.00     0.00  FindProperty
  0.00      2.81     0.00      139     0.00     0.00  get_next_hash
  0.00      2.81     0.00      125     0.00     0.00  ezxml_set_attr
  0.00      2.81     0.00      124     0.00     0.00  load_timing_graph_net_delays
  0.00      2.81     0.00      123     0.00     0.00  get_std_dev
  0.00      2.81     0.00      123     0.00     0.00  load_criticalities
  0.00      2.81     0.00      123     0.00     0.00  update_screen
  0.00      2.81     0.00      121     0.00     0.00  load_sblock_pattern_lookup
  0.00      2.81     0.00       57     0.00     0.00  alloc_ivector_and_copy_int_list
  0.00      2.81     0.00       43     0.00     0.00  ezxml_child
  0.00      2.81     0.00       41     0.00     0.00  FindElement
  0.00      2.81     0.00       36     0.00     0.00  comp_width
  0.00      2.81     0.00        6     0.00     0.00  ParseFc
  0.00      2.81     0.00        6     0.00     0.00  alloc_and_load_grid
  0.00      2.81     0.00        6     0.00     0.00  insert_in_vptr_list
  0.00      2.81     0.00        5     0.00     0.00  alloc_matrix3
  0.00      2.81     0.00        5     0.00     0.00  my_realloc
  0.00      2.81     0.00        4     0.00     0.00  free_chunk_memory
  0.00      2.81     0.00        4     0.00     0.00  free_matrix3
  0.00      2.81     0.00        4     0.00     0.00  get_class_range_for_block
  0.00      2.81     0.00        3     0.00     0.00  ProcessOption
  0.00      2.81     0.00        3     0.00     0.00  Process_Fc
  0.00      2.81     0.00        3     0.00     0.00  alloc_and_load_pin_to_track_map
  0.00      2.81     0.00        3     0.00     0.00  free_ivec_vector
  0.00      2.81     0.00        3     0.00     0.00  free_matrix4
  0.00      2.81     0.00        2     0.00     0.00  ProcessCB_SB
  0.00      2.81     0.00        2     0.00     0.00  ProcessChanWidthDistrDir
  0.00      2.81     0.00        2     0.00     0.00  alloc_hash_table
  0.00      2.81     0.00        2     0.00     0.00  alloc_matrix4
  0.00      2.81     0.00        2     0.00     0.00  free_hash_table
  0.00      2.81     0.00        2     0.00     0.00  free_rr_graph
  0.00      2.81     0.00        2     0.00     0.00  init_chan
  0.00      2.81     0.00        2     0.00     0.00  load_chan_rr_indices
  0.00      2.81     0.00        2     0.00     0.00  load_rr_indexed_data_T_values
  0.00      2.81     0.00        2     0.00     0.00  my_fopen
  0.00      2.81     0.00        2     0.00     0.00  print_rr_node
  0.00      2.81     0.00        1     0.00     0.00  ReadInt
  0.00      2.81     0.00        1     0.00     0.00  XmlReadArch
  0.00      2.81     0.00        1     0.00     0.00  add_rr_graph_C_from_switches
  0.00      2.81     0.00        1     0.00     0.00  alloc_and_load_rr_indexed_data
  0.00      2.81     0.00        1     0.00     0.00  alloc_and_load_rr_node_indices
  0.00      2.81     0.00        1     0.00     0.00  alloc_and_load_rr_node_route_structs
  0.00      2.81     0.00        1     0.00     0.00  alloc_and_load_seg_details
  0.00      2.81     0.00        1     0.00     0.00  alloc_and_load_timing_graph
  0.00      2.81     0.00        1     0.00     0.00  alloc_and_load_timing_graph_levels
  0.00      2.81     0.00        1     0.00     0.40  alloc_lookups_and_criticalities
  0.00      2.81     0.00        1     0.00     0.00  alloc_net_delay
  0.00      2.81     0.00        1     0.00     0.00  alloc_route_structs
  0.00      2.81     0.00        1     0.00     0.00  alloc_route_tree_timing_structs
  0.00      2.81     0.00        1     0.00     0.00  alloc_sblock_pattern_lookup
  0.00      2.81     0.00        1     0.00     0.00  alloc_timing_driven_route_structs
  0.00      2.81     0.00        1     0.00     0.37  build_rr_graph
  0.00      2.81     0.00        1     0.00     0.01  check_netlist
  0.00      2.81     0.00        1     0.00     0.00  check_rr_graph
  0.00      2.81     0.00        1     0.00     0.00  check_timing_graph
  0.00      2.81     0.00        1     0.00     0.40  compute_delay_lookup_tables
  0.00      2.81     0.00        1     0.00     0.00  ezxml_new
  0.00      2.81     0.00        1     0.00     0.00  ezxml_parse_fd
  0.00      2.81     0.00        1     0.00     0.00  ezxml_parse_file
  0.00      2.81     0.00        1     0.00     0.00  ezxml_parse_str
  0.00      2.81     0.00        1     0.00     0.00  ezxml_str2utf8
  0.00      2.81     0.00        1     0.00     0.00  free_int_list
  0.00      2.81     0.00        1     0.00     0.00  free_lookups_and_criticalities
  0.00      2.81     0.00        1     0.00     0.00  free_net_delay
  0.00      2.81     0.00        1     0.00     0.00  free_route_structs
  0.00      2.81     0.00        1     0.00     0.00  free_route_tree_timing_structs
  0.00      2.81     0.00        1     0.00     0.00  free_rr_node_indices
  0.00      2.81     0.00        1     0.00     0.00  free_rr_node_route_structs
  0.00      2.81     0.00        1     0.00     0.00  free_sblock_pattern_lookup
  0.00      2.81     0.00        1     0.00     0.00  free_seg_details
  0.00      2.81     0.00        1     0.00     0.00  free_timing_driven_route_structs
  0.00      2.81     0.00        1     0.00     0.00  free_timing_graph
  0.00      2.81     0.00        1     0.00     0.00  free_trace_structs
  0.00      2.81     0.00        1     0.00     0.00  init_draw_coords
  0.00      2.81     0.00        1     0.00     0.00  init_route_structs
  0.00      2.81     0.00        1     0.00     0.00  post_place_sync
  0.00      2.81     0.00        1     0.00     0.00  print_place
  0.00      2.81     0.00        1     0.00     0.00  read_netlist
  0.00      2.81     0.00        1     0.00     0.00  start_hash_table_iterator
  0.00      2.81     0.00        1     0.00     0.00  sync_nets_to_blocks
  0.00      2.81     0.00        1     0.00     2.79  try_place

 %         the percentage of the total running time of the
time       program used by this function.

cumulative a running sum of the number of seconds accounted
 seconds   for by this function and those listed above it.

 self      the number of seconds accounted for by this
seconds    function alone.  This is the major sort for this
           listing.

calls      the number of times this function was invoked, if
           this function is profiled, else blank.
 
 self      the average number of milliseconds spent in this
ms/call    function per call, if this function is profiled,
	   else blank.

 total     the average number of milliseconds spent in this
ms/call    function and its descendents per call, if this 
	   function is profiled, else blank.

name       the name of the function.  This is the minor sort
           for this listing. The index shows the location of
	   the function in the gprof listing. If the index is
	   in parenthesis it shows where it would appear in
	   the gprof listing if it were to be printed.

		     Call graph (explanation follows)


granularity: each sample hit covers 2 byte(s) for 0.36% of 2.81 seconds

index % time    self  children    called     name
                0.00    2.79       1/1           place_and_route [2]
[1]     99.2    0.00    2.79       1         try_place [1]
                1.17    1.17  869998/869998      try_swap [3]
                0.00    0.40       1/1           alloc_lookups_and_criticalities [5]
                0.02    0.00       2/2           comp_bb_cost [20]
                0.01    0.00     139/139         comp_td_costs [21]
                0.01    0.00     511/511         get_mst_of_net [27]
                0.01    0.00     124/124         load_net_slack [28]
                0.00    0.00     138/3022684     my_irand [32]
                0.00    0.00    2086/383841      my_malloc [43]
                0.00    0.00     124/124         load_timing_graph_net_delays [101]
                0.00    0.00     123/123         update_screen [104]
                0.00    0.00     123/123         get_std_dev [102]
                0.00    0.00     123/123         load_criticalities [103]
                0.00    0.00       5/171         my_calloc [97]
                0.00    0.00       1/2           init_chan [128]
                0.00    0.00       1/437         alloc_matrix [82]
                0.00    0.00       1/1           init_draw_coords [161]
                0.00    0.00       1/430         free_matrix [84]
                0.00    0.00       1/1           free_net_delay [151]
                0.00    0.00       1/1           free_lookups_and_criticalities [150]
-----------------------------------------------
                                                 <spontaneous>
[2]     99.2    0.00    2.79                 place_and_route [2]
                0.00    2.79       1/1           try_place [1]
                0.00    0.00       1/1           print_place [164]
                0.00    0.00       1/1           post_place_sync [163]
-----------------------------------------------
                1.17    1.17  869998/869998      try_place [1]
[3]     83.2    1.17    1.17  869998         try_swap [3]
                0.43    0.00 25424969/25584958     comp_td_point_to_point_delay [4]
                0.38    0.00 12628718/12629702     get_non_updateable_bb [7]
                0.21    0.00 15636765/15637785     get_net_cost [12]
                0.07    0.00  315164/315200      get_bb_from_scratch [14]
                0.06    0.00 3008047/3008047     update_bb [15]
                0.00    0.00 3022546/3022684     my_irand [32]
                0.00    0.00  638248/638248      my_frand [42]
                0.00    0.00       4/383841      my_malloc [43]
-----------------------------------------------
                0.00    0.00  159989/25584958     comp_td_costs [21]
                0.43    0.00 25424969/25584958     try_swap [3]
[4]     15.5    0.44    0.00 25584958         comp_td_point_to_point_delay [4]
-----------------------------------------------
                0.00    0.40       1/1           try_place [1]
[5]     14.4    0.00    0.40       1         alloc_lookups_and_criticalities [5]
                0.00    0.40       1/1           compute_delay_lookup_tables [6]
                0.00    0.00       1/1           alloc_and_load_timing_graph [34]
                0.00    0.00     511/6904        my_chunk_malloc [55]
                0.00    0.00       1/1           alloc_net_delay [137]
                0.00    0.00       1/383841      my_malloc [43]
-----------------------------------------------
                0.00    0.40       1/1           alloc_lookups_and_criticalities [5]
[6]     14.2    0.00    0.40       1         compute_delay_lookup_tables [6]
                0.00    0.37       1/1           build_rr_graph [8]
                0.00    0.03     361/361         get_first_pin [16]
                0.00    0.00     153/383841      my_malloc [43]
                0.00    0.00       7/437         alloc_matrix [82]
                0.00    0.00       3/430         free_matrix [84]
                0.00    0.00       2/2           free_rr_graph [127]
                0.00    0.00       1/2           init_chan [128]
                0.00    0.00       1/1           alloc_route_structs [138]
                0.00    0.00       1/1           alloc_and_load_rr_node_route_structs [134]
                0.00    0.00       1/1           alloc_route_tree_timing_structs [139]
                0.00    0.00       1/1           alloc_timing_driven_route_structs [141]
                0.00    0.00       1/1           init_route_structs [162]
                0.00    0.00       1/1           free_rr_node_route_structs [155]
                0.00    0.00       1/1           free_trace_structs [160]
                0.00    0.00       1/1           free_route_structs [152]
                0.00    0.00       1/1           free_route_tree_timing_structs [153]
                0.00    0.00       1/1           free_timing_driven_route_structs [158]
-----------------------------------------------
                0.00    0.00     984/12629702     comp_bb_cost [20]
                0.38    0.00 12628718/12629702     try_swap [3]
[7]     13.5    0.38    0.00 12629702         get_non_updateable_bb [7]
-----------------------------------------------
                0.00    0.37       1/1           compute_delay_lookup_tables [6]
[8]     13.2    0.00    0.37       1         build_rr_graph [8]
                0.01    0.33   55176/55176       get_track_to_tracks [9]
                0.00    0.01    1120/1120        get_unidir_opin_connections [24]
                0.01    0.00   17092/17092       alloc_and_load_edges_and_switches [25]
                0.00    0.01     121/121         load_sblock_pattern_lookup [30]
                0.00    0.00   15972/15972       get_track_to_ipins [35]
                0.00    0.00   25078/1421350     get_rr_node_index [18]
                0.00    0.00   29040/18463104     get_seg_start [13]
                0.00    0.00       1/1           alloc_and_load_rr_node_indices [38]
                0.00    0.00       1/1           alloc_and_load_rr_indexed_data [40]
                0.00    0.00       1/478         load_net_rr_terminals [39]
                0.00    0.00   29040/29040       get_seg_end [50]
                0.00    0.00    6462/383841      my_malloc [43]
                0.00    0.00       3/3           alloc_and_load_pin_to_track_map [119]
                0.00    0.00       3/3           free_matrix4 [121]
                0.00    0.00       2/2           print_rr_node [130]
                0.00    0.00       2/5           alloc_matrix3 [112]
                0.00    0.00       2/437         alloc_matrix [82]
                0.00    0.00       2/4           get_class_range_for_block [116]
                0.00    0.00       2/430         free_matrix [84]
                0.00    0.00       2/4           free_matrix3 [115]
                0.00    0.00       1/1           alloc_and_load_seg_details [135]
                0.00    0.00       1/1           alloc_sblock_pattern_lookup [140]
                0.00    0.00       1/1           add_rr_graph_C_from_switches [133]
                0.00    0.00       1/6904        my_chunk_malloc [55]
                0.00    0.00       1/1           check_rr_graph [142]
                0.00    0.00       1/1           free_seg_details [157]
                0.00    0.00       1/1           free_sblock_pattern_lookup [156]
-----------------------------------------------
                0.01    0.33   55176/55176       build_rr_graph [8]
[9]     12.1    0.01    0.33   55176         get_track_to_tracks [9]
                0.01    0.31   65868/65868       get_unidir_track_to_chan_seg [10]
                0.01    0.00  107976/166056      is_sbox [22]
                0.00    0.00   55176/18463104     get_seg_start [13]
-----------------------------------------------
                0.01    0.31   65868/65868       get_track_to_tracks [9]
[10]    11.5    0.01    0.31   65868         get_unidir_track_to_chan_seg [10]
                0.13    0.16   65868/68548       label_wire_muxes [11]
                0.02    0.00 1241988/1421350     get_rr_node_index [18]
                0.00    0.00   65868/218668      insert_in_edge_list [47]
                0.00    0.00   30888/383841      my_malloc [43]
-----------------------------------------------
                0.00    0.00     440/68548       load_sblock_pattern_lookup [30]
                0.00    0.01    2240/68548       get_unidir_opin_connections [24]
                0.13    0.16   65868/68548       get_unidir_track_to_chan_seg [10]
[11]    10.9    0.14    0.17   68548         label_wire_muxes [11]
                0.17    0.00 18096672/18463104     get_seg_start [13]
                0.00    0.00   68548/383841      my_malloc [43]
-----------------------------------------------
                0.00    0.00    1020/15637785     comp_bb_cost [20]
                0.21    0.00 15636765/15637785     try_swap [3]
[12]     7.7    0.22    0.00 15637785         get_net_cost [12]
-----------------------------------------------
                0.00    0.00   29040/18463104     build_rr_graph [8]
                0.00    0.00   29040/18463104     load_chan_rr_indices [37]
                0.00    0.00   29040/18463104     is_cbox [36]
                0.00    0.00   55176/18463104     get_track_to_tracks [9]
                0.00    0.00   58080/18463104     load_sblock_pattern_lookup [30]
                0.00    0.00  166056/18463104     is_sbox [22]
                0.17    0.00 18096672/18463104     label_wire_muxes [11]
[13]     6.0    0.17    0.00 18463104         get_seg_start [13]
-----------------------------------------------
                0.00    0.00      36/315200      comp_bb_cost [20]
                0.07    0.00  315164/315200      try_swap [3]
[14]     2.7    0.08    0.00  315200         get_bb_from_scratch [14]
-----------------------------------------------
                0.06    0.00 3008047/3008047     try_swap [3]
[15]     2.1    0.06    0.00 3008047         update_bb [15]
-----------------------------------------------
                                1553             get_first_pin [16]
                0.00    0.03     361/361         compute_delay_lookup_tables [6]
[16]     1.1    0.00    0.03     361+1553    get_first_pin [16]
                0.01    0.02     477/477         timing_driven_route_net [17]
                0.00    0.00     477/478         load_net_rr_terminals [39]
                                1553             get_first_pin [16]
-----------------------------------------------
                0.01    0.02     477/477         get_first_pin [16]
[17]     1.1    0.01    0.02     477         timing_driven_route_net [17]
                0.02    0.00   22465/22465       get_heap_head [19]
                0.00    0.00  222082/222082      get_rr_cong_cost [46]
                0.00    0.00  222082/222559      get_timing_driven_expected_cost [44]
                0.00    0.00  222082/222559      node_to_heap [45]
                0.00    0.00   22465/22465       free_heap_data [51]
                0.00    0.00   19536/19536       add_to_mod_list [54]
                0.00    0.00     954/954         pathfinder_update_one_cost [65]
                0.00    0.00     477/479         free_traceback [69]
                0.00    0.00     477/477         heapsort [73]
                0.00    0.00     477/477         init_route_tree_to_source [74]
                0.00    0.00     477/477         mark_ends [76]
                0.00    0.00     477/477         add_route_tree_to_heap [70]
                0.00    0.00     477/477         update_traceback [80]
                0.00    0.00     477/477         update_route_tree [79]
                0.00    0.00     477/477         empty_heap [71]
                0.00    0.00     477/477         reset_path_costs [77]
                0.00    0.00     477/477         free_route_tree [72]
                0.00    0.00     477/477         update_net_delays_from_route_tree [78]
-----------------------------------------------
                0.00    0.00     264/1421350     load_rr_indexed_data_T_values [41]
                0.00    0.00     264/1421350     alloc_and_load_rr_indexed_data [40]
                0.00    0.00     956/1421350     load_net_rr_terminals [39]
                0.00    0.00   25078/1421350     build_rr_graph [8]
                0.00    0.00   73920/1421350     get_unidir_opin_connections [24]
                0.00    0.00   78880/1421350     get_track_to_ipins [35]
                0.02    0.00 1241988/1421350     get_unidir_track_to_chan_seg [10]
[18]     0.7    0.02    0.00 1421350         get_rr_node_index [18]
-----------------------------------------------
                0.02    0.00   22465/22465       timing_driven_route_net [17]
[19]     0.7    0.02    0.00   22465         get_heap_head [19]
-----------------------------------------------
                0.02    0.00       2/2           try_place [1]
[20]     0.5    0.02    0.00       2         comp_bb_cost [20]
                0.00    0.00     984/12629702     get_non_updateable_bb [7]
                0.00    0.00    1020/15637785     get_net_cost [12]
                0.00    0.00      36/315200      get_bb_from_scratch [14]
-----------------------------------------------
                0.01    0.00     139/139         try_place [1]
[21]     0.5    0.01    0.00     139         comp_td_costs [21]
                0.00    0.00  159989/25584958     comp_td_point_to_point_delay [4]
-----------------------------------------------
                0.00    0.00   58080/166056      load_sblock_pattern_lookup [30]
                0.01    0.00  107976/166056      get_track_to_tracks [9]
[22]     0.4    0.01    0.00  166056         is_sbox [22]
                0.00    0.00  166056/18463104     get_seg_start [13]
-----------------------------------------------
                                                 <spontaneous>
[23]     0.4    0.00    0.01                 SetupVPR [23]
                0.00    0.01       1/1           check_netlist [31]
                0.01    0.00       1/1           my_srandom [33]
                0.00    0.00     192/383841      my_malloc [43]
                0.00    0.00       6/6           alloc_and_load_grid [110]
                0.00    0.00       5/430         free_matrix [84]
                0.00    0.00       2/171         my_calloc [97]
                0.00    0.00       1/1           XmlReadArch [132]
                0.00    0.00       1/1           read_netlist [165]
-----------------------------------------------
                0.00    0.01    1120/1120        build_rr_graph [8]
[24]     0.4    0.00    0.01    1120         get_unidir_opin_connections [24]
                0.00    0.01    2240/68548       label_wire_muxes [11]
                0.00    0.00   73920/1421350     get_rr_node_index [18]
                0.00    0.00   73920/218668      insert_in_edge_list [47]
-----------------------------------------------
                0.01    0.00   17092/17092       build_rr_graph [8]
[25]     0.4    0.01    0.00   17092         alloc_and_load_edges_and_switches [25]
                0.00    0.00   34184/383841      my_malloc [43]
-----------------------------------------------
                0.00    0.00    1724/4966        alloc_and_load_timing_graph [34]
                0.01    0.00    3242/4966        check_netlist [31]
[26]     0.4    0.01    0.00    4966         is_opin [26]
-----------------------------------------------
                0.01    0.00     511/511         try_place [1]
[27]     0.4    0.01    0.00     511         get_mst_of_net [27]
                0.00    0.00    1022/383841      my_malloc [43]
-----------------------------------------------
                0.01    0.00     124/124         try_place [1]
[28]     0.4    0.01    0.00     124         load_net_slack [28]
-----------------------------------------------
                                                 <spontaneous>
[29]     0.4    0.01    0.00                 dump_seg_details [29]
-----------------------------------------------
                0.00    0.01     121/121         build_rr_graph [8]
[30]     0.2    0.00    0.01     121         load_sblock_pattern_lookup [30]
                0.00    0.00   58080/166056      is_sbox [22]
                0.00    0.00     440/68548       label_wire_muxes [11]
                0.00    0.00   58080/18463104     get_seg_start [13]
                0.00    0.00   21912/21912       get_simple_switch_block_track [52]
                0.00    0.00     440/383841      my_malloc [43]
-----------------------------------------------
                0.00    0.01       1/1           SetupVPR [23]
[31]     0.2    0.00    0.01       1         check_netlist [31]
                0.01    0.00    3242/4966        is_opin [26]
                0.00    0.00    4742/4742        print_netlist [57]
                0.00    0.00     649/649         insert_in_hash_table [67]
                0.00    0.00     139/139         get_next_hash [99]
                0.00    0.00     138/276         load_one_fb_fanout_count [85]
                0.00    0.00       3/171         my_calloc [97]
                0.00    0.00       2/2           alloc_hash_table [124]
                0.00    0.00       2/2           free_hash_table [126]
                0.00    0.00       1/383841      my_malloc [43]
                0.00    0.00       1/437         alloc_matrix [82]
                0.00    0.00       1/1           start_hash_table_iterator [166]
                0.00    0.00       1/430         free_matrix [84]
-----------------------------------------------
                0.00    0.00     138/3022684     try_place [1]
                0.00    0.00 3022546/3022684     try_swap [3]
[32]     0.2    0.01    0.00 3022684         my_irand [32]
-----------------------------------------------
                0.01    0.00       1/1           SetupVPR [23]
[33]     0.2    0.01    0.00       1         my_srandom [33]
-----------------------------------------------
                0.00    0.00       1/1           alloc_lookups_and_criticalities [5]
[34]     0.1    0.00    0.00       1         alloc_and_load_timing_graph [34]
                0.00    0.00    1724/4966        is_opin [26]
                0.00    0.00    5881/6904        my_chunk_malloc [55]
                0.00    0.00    2720/383841      my_malloc [43]
                0.00    0.00     414/437         alloc_matrix [82]
                0.00    0.00     414/430         free_matrix [84]
                0.00    0.00     138/171         my_calloc [97]
                0.00    0.00     138/276         load_one_fb_fanout_count [85]
                0.00    0.00       1/1           alloc_and_load_timing_graph_levels [136]
                0.00    0.00       1/1           check_timing_graph [143]
-----------------------------------------------
                0.00    0.00   15972/15972       build_rr_graph [8]
[35]     0.0    0.00    0.00   15972         get_track_to_ipins [35]
                0.00    0.00   78880/1421350     get_rr_node_index [18]
                0.00    0.00   29040/29040       is_cbox [36]
                0.00    0.00   78880/218668      insert_in_edge_list [47]
-----------------------------------------------
                0.00    0.00   29040/29040       get_track_to_ipins [35]
[36]     0.0    0.00    0.00   29040         is_cbox [36]
                0.00    0.00   29040/18463104     get_seg_start [13]
-----------------------------------------------
                0.00    0.00       2/2           alloc_and_load_rr_node_indices [38]
[37]     0.0    0.00    0.00       2         load_chan_rr_indices [37]
                0.00    0.00   29040/18463104     get_seg_start [13]
                0.00    0.00     244/383841      my_malloc [43]
-----------------------------------------------
                0.00    0.00       1/1           build_rr_graph [8]
[38]     0.0    0.00    0.00       1         alloc_and_load_rr_node_indices [38]
                0.00    0.00       2/2           load_chan_rr_indices [37]
                0.00    0.00     307/383841      my_malloc [43]
-----------------------------------------------
                0.00    0.00       1/478         build_rr_graph [8]
                0.00    0.00     477/478         get_first_pin [16]
[39]     0.0    0.00    0.00     478         load_net_rr_terminals [39]
                0.00    0.00     956/1421350     get_rr_node_index [18]
-----------------------------------------------
                0.00    0.00       1/1           build_rr_graph [8]
[40]     0.0    0.00    0.00       1         alloc_and_load_rr_indexed_data [40]
                0.00    0.00     264/1421350     get_rr_node_index [18]
                0.00    0.00       2/2           load_rr_indexed_data_T_values [41]
                0.00    0.00       1/383841      my_malloc [43]
-----------------------------------------------
                0.00    0.00       2/2           alloc_and_load_rr_indexed_data [40]
[41]     0.0    0.00    0.00       2         load_rr_indexed_data_T_values [41]
                0.00    0.00     264/1421350     get_rr_node_index [18]
                0.00    0.00       6/171         my_calloc [97]
-----------------------------------------------
                0.00    0.00  638248/638248      try_swap [3]
[42]     0.0    0.00    0.00  638248         my_frand [42]
-----------------------------------------------
                0.00    0.00       1/383841      check_netlist [31]
                0.00    0.00       1/383841      alloc_trace_data [59]
                0.00    0.00       1/383841      alloc_and_load_rr_node_route_structs [134]
                0.00    0.00       1/383841      alloc_route_tree_timing_structs [139]
                0.00    0.00       1/383841      init_route_tree_to_source [74]
                0.00    0.00       1/383841      alloc_and_load_rr_indexed_data [40]
                0.00    0.00       1/383841      alloc_net_delay [137]
                0.00    0.00       1/383841      alloc_and_load_timing_graph_levels [136]
                0.00    0.00       1/383841      ReadOptions [176]
                0.00    0.00       1/383841      alloc_lookups_and_criticalities [5]
                0.00    0.00       2/383841      print_rr_node [130]
                0.00    0.00       3/383841      add_to_mod_list [54]
                0.00    0.00       3/383841      alloc_timing_driven_route_structs [141]
                0.00    0.00       4/383841      try_swap [3]
                0.00    0.00       5/383841      alloc_sblock_pattern_lookup [140]
                0.00    0.00       6/383841      insert_in_vptr_list [111]
                0.00    0.00       6/383841      my_chunk_malloc [55]
                0.00    0.00       6/383841      alloc_and_load_pin_to_track_map [119]
                0.00    0.00       8/383841      node_to_heap [45]
                0.00    0.00       8/383841      alloc_route_structs [138]
                0.00    0.00      28/383841      update_route_tree [79]
                0.00    0.00      56/383841      alloc_ivector_and_copy_int_list [105]
                0.00    0.00      95/383841      XmlReadArch [132]
                0.00    0.00     153/383841      compute_delay_lookup_tables [6]
                0.00    0.00     192/383841      SetupVPR [23]
                0.00    0.00     244/383841      load_chan_rr_indices [37]
                0.00    0.00     254/383841      alloc_matrix4 [125]
                0.00    0.00     267/383841      alloc_and_load_seg_details [135]
                0.00    0.00     307/383841      alloc_and_load_rr_node_indices [38]
                0.00    0.00     346/383841      GetNodeTokens [96]
                0.00    0.00     440/383841      load_sblock_pattern_lookup [30]
                0.00    0.00     548/383841      alloc_matrix3 [112]
                0.00    0.00     766/383841      alloc_and_load_grid [110]
                0.00    0.00     867/383841      insert_in_int_list [56]
                0.00    0.00    1022/383841      get_mst_of_net [27]
                0.00    0.00    1022/383841      sync_nets_to_blocks [167]
                0.00    0.00    1298/383841      insert_in_hash_table [67]
                0.00    0.00    1359/383841      my_strdup [64]
                0.00    0.00    2001/383841      read_netlist [165]
                0.00    0.00    2086/383841      try_place [1]
                0.00    0.00    2720/383841      alloc_and_load_timing_graph [34]
                0.00    0.00    3079/383841      alloc_matrix [82]
                0.00    0.00    5880/383841      ReadLineTokens [63]
                0.00    0.00    6462/383841      build_rr_graph [8]
                0.00    0.00   30888/383841      get_unidir_track_to_chan_seg [10]
                0.00    0.00   34184/383841      alloc_and_load_edges_and_switches [25]
                0.00    0.00   68548/383841      label_wire_muxes [11]
                0.00    0.00  218668/383841      insert_in_edge_list [47]
[43]     0.0    0.00    0.00  383841         my_malloc [43]
-----------------------------------------------
                0.00    0.00     477/222559      add_route_tree_to_heap [70]
                0.00    0.00  222082/222559      timing_driven_route_net [17]
[44]     0.0    0.00    0.00  222559         get_timing_driven_expected_cost [44]
-----------------------------------------------
                0.00    0.00     477/222559      add_route_tree_to_heap [70]
                0.00    0.00  222082/222559      timing_driven_route_net [17]
[45]     0.0    0.00    0.00  222559         node_to_heap [45]
                0.00    0.00       8/383841      my_malloc [43]
                0.00    0.00       4/5           my_realloc [113]
-----------------------------------------------
                0.00    0.00  222082/222082      timing_driven_route_net [17]
[46]     0.0    0.00    0.00  222082         get_rr_cong_cost [46]
-----------------------------------------------
                0.00    0.00   65868/218668      get_unidir_track_to_chan_seg [10]
                0.00    0.00   73920/218668      get_unidir_opin_connections [24]
                0.00    0.00   78880/218668      get_track_to_ipins [35]
[47]     0.0    0.00    0.00  218668         insert_in_edge_list [47]
                0.00    0.00  218668/383841      my_malloc [43]
-----------------------------------------------
                0.00    0.00   78880/78880       add_rr_graph_C_from_switches [133]
[48]     0.0    0.00    0.00   78880         seg_index_of_cblock [48]
-----------------------------------------------
                0.00    0.00   65868/65868       add_rr_graph_C_from_switches [133]
[49]     0.0    0.00    0.00   65868         seg_index_of_sblock [49]
-----------------------------------------------
                0.00    0.00   29040/29040       build_rr_graph [8]
[50]     0.0    0.00    0.00   29040         get_seg_end [50]
-----------------------------------------------
                0.00    0.00   22465/22465       timing_driven_route_net [17]
[51]     0.0    0.00    0.00   22465         free_heap_data [51]
-----------------------------------------------
                0.00    0.00   21912/21912       load_sblock_pattern_lookup [30]
[52]     0.0    0.00    0.00   21912         get_simple_switch_block_track [52]
-----------------------------------------------
                0.00    0.00   20292/20292       check_rr_graph [142]
[53]     0.0    0.00    0.00   20292         check_node [53]
-----------------------------------------------
                0.00    0.00   19536/19536       timing_driven_route_net [17]
[54]     0.0    0.00    0.00   19536         add_to_mod_list [54]
                0.00    0.00       3/383841      my_malloc [43]
-----------------------------------------------
                0.00    0.00       1/6904        build_rr_graph [8]
                0.00    0.00     511/6904        alloc_net_delay [137]
                0.00    0.00     511/6904        alloc_lookups_and_criticalities [5]
                0.00    0.00    5881/6904        alloc_and_load_timing_graph [34]
[55]     0.0    0.00    0.00    6904         my_chunk_malloc [55]
                0.00    0.00       6/383841      my_malloc [43]
                0.00    0.00       6/6           insert_in_vptr_list [111]
-----------------------------------------------
                0.00    0.00    5604/5604        alloc_and_load_timing_graph_levels [136]
[56]     0.0    0.00    0.00    5604         insert_in_int_list [56]
                0.00    0.00     867/383841      my_malloc [43]
-----------------------------------------------
                0.00    0.00    4742/4742        check_netlist [31]
[57]     0.0    0.00    0.00    4742         print_netlist [57]
-----------------------------------------------
                0.00    0.00     477/4627        init_route_tree_to_source [74]
                0.00    0.00    4150/4627        update_route_tree [79]
[58]     0.0    0.00    0.00    4627         alloc_rt_node [58]
-----------------------------------------------
                0.00    0.00    4627/4627        update_traceback [80]
[59]     0.0    0.00    0.00    4627         alloc_trace_data [59]
                0.00    0.00       1/383841      my_malloc [43]
-----------------------------------------------
                0.00    0.00     231/3774        XmlReadArch [132]
                0.00    0.00    3543/3774        read_netlist [165]
[60]     0.0    0.00    0.00    3774         my_atoi [60]
-----------------------------------------------
                0.00    0.00     173/3302        XmlReadArch [132]
                0.00    0.00    3129/3302        read_netlist [165]
[61]     0.0    0.00    0.00    3302         FreeTokens [61]
-----------------------------------------------
                0.00    0.00     161/3287        XmlReadArch [132]
                0.00    0.00    3126/3287        read_netlist [165]
[62]     0.0    0.00    0.00    3287         CountTokens [62]
-----------------------------------------------
                0.00    0.00    2943/2943        read_netlist [165]
[63]     0.0    0.00    0.00    2943         ReadLineTokens [63]
                0.00    0.00    5880/383841      my_malloc [43]
-----------------------------------------------
                0.00    0.00       3/1359        XmlReadArch [132]
                0.00    0.00       4/1359        ReadOptions [176]
                0.00    0.00    1352/1359        read_netlist [165]
[64]     0.0    0.00    0.00    1359         my_strdup [64]
                0.00    0.00    1359/383841      my_malloc [43]
-----------------------------------------------
                0.00    0.00     954/954         timing_driven_route_net [17]
[65]     0.0    0.00    0.00     954         pathfinder_update_one_cost [65]
-----------------------------------------------
                0.00    0.00     649/649         insert_in_hash_table [67]
[66]     0.0    0.00    0.00     649         hash_value [66]
-----------------------------------------------
                0.00    0.00     649/649         check_netlist [31]
[67]     0.0    0.00    0.00     649         insert_in_hash_table [67]
                0.00    0.00    1298/383841      my_malloc [43]
                0.00    0.00     649/649         hash_value [66]
-----------------------------------------------
                0.00    0.00     120/551         ezxml_parse_str [147]
                0.00    0.00     431/551         ezxml_char_content [83]
[68]     0.0    0.00    0.00     551         ezxml_decode [68]
-----------------------------------------------
                0.00    0.00       1/479         init_route_structs [162]
                0.00    0.00       1/479         free_trace_structs [160]
                0.00    0.00     477/479         timing_driven_route_net [17]
[69]     0.0    0.00    0.00     479         free_traceback [69]
-----------------------------------------------
                0.00    0.00     477/477         timing_driven_route_net [17]
[70]     0.0    0.00    0.00     477         add_route_tree_to_heap [70]
                0.00    0.00     477/222559      get_timing_driven_expected_cost [44]
                0.00    0.00     477/222559      node_to_heap [45]
-----------------------------------------------
                0.00    0.00     477/477         timing_driven_route_net [17]
[71]     0.0    0.00    0.00     477         empty_heap [71]
-----------------------------------------------
                                4150             free_route_tree [72]
                0.00    0.00     477/477         timing_driven_route_net [17]
[72]     0.0    0.00    0.00     477+4150    free_route_tree [72]
                                4150             free_route_tree [72]
-----------------------------------------------
                0.00    0.00     477/477         timing_driven_route_net [17]
[73]     0.0    0.00    0.00     477         heapsort [73]
-----------------------------------------------
                0.00    0.00     477/477         timing_driven_route_net [17]
[74]     0.0    0.00    0.00     477         init_route_tree_to_source [74]
                0.00    0.00     477/4627        alloc_rt_node [58]
                0.00    0.00       1/383841      my_malloc [43]
-----------------------------------------------
                                3673             load_rt_subtree_Tdel [75]
                0.00    0.00     477/477         update_route_tree [79]
[75]     0.0    0.00    0.00     477+3673    load_rt_subtree_Tdel [75]
                                3673             load_rt_subtree_Tdel [75]
-----------------------------------------------
                0.00    0.00     477/477         timing_driven_route_net [17]
[76]     0.0    0.00    0.00     477         mark_ends [76]
-----------------------------------------------
                0.00    0.00     477/477         timing_driven_route_net [17]
[77]     0.0    0.00    0.00     477         reset_path_costs [77]
-----------------------------------------------
                0.00    0.00     477/477         timing_driven_route_net [17]
[78]     0.0    0.00    0.00     477         update_net_delays_from_route_tree [78]
-----------------------------------------------
                0.00    0.00     477/477         timing_driven_route_net [17]
[79]     0.0    0.00    0.00     477         update_route_tree [79]
                0.00    0.00    4150/4627        alloc_rt_node [58]
                0.00    0.00     477/477         load_rt_subtree_Tdel [75]
                0.00    0.00      28/383841      my_malloc [43]
-----------------------------------------------
                0.00    0.00     477/477         timing_driven_route_net [17]
[80]     0.0    0.00    0.00     477         update_traceback [80]
                0.00    0.00    4627/4627        alloc_trace_data [59]
-----------------------------------------------
                0.00    0.00     450/450         XmlReadArch [132]
[81]     0.0    0.00    0.00     450         FreeNode [81]
                0.00    0.00     222/222         ezxml_cut [88]
-----------------------------------------------
                0.00    0.00       1/437         check_netlist [31]
                0.00    0.00       1/437         try_place [1]
                0.00    0.00       2/437         build_rr_graph [8]
                0.00    0.00       2/437         XmlReadArch [132]
                0.00    0.00       4/437         alloc_and_load_pin_to_track_map [119]
                0.00    0.00       6/437         alloc_and_load_grid [110]
                0.00    0.00       7/437         compute_delay_lookup_tables [6]
                0.00    0.00     414/437         alloc_and_load_timing_graph [34]
[82]     0.0    0.00    0.00     437         alloc_matrix [82]
                0.00    0.00    3079/383841      my_malloc [43]
-----------------------------------------------
                0.00    0.00     431/431         ezxml_parse_str [147]
[83]     0.0    0.00    0.00     431         ezxml_char_content [83]
                0.00    0.00     431/551         ezxml_decode [68]
-----------------------------------------------
                0.00    0.00       1/430         check_netlist [31]
                0.00    0.00       1/430         try_place [1]
                0.00    0.00       2/430         build_rr_graph [8]
                0.00    0.00       3/430         compute_delay_lookup_tables [6]
                0.00    0.00       4/430         alloc_and_load_pin_to_track_map [119]
                0.00    0.00       5/430         SetupVPR [23]
                0.00    0.00     414/430         alloc_and_load_timing_graph [34]
[84]     0.0    0.00    0.00     430         free_matrix [84]
-----------------------------------------------
                0.00    0.00     138/276         check_netlist [31]
                0.00    0.00     138/276         alloc_and_load_timing_graph [34]
[85]     0.0    0.00    0.00     276         load_one_fb_fanout_count [85]
-----------------------------------------------
                0.00    0.00      53/226         XmlReadArch [132]
                0.00    0.00     173/226         GetNodeTokens [96]
[86]     0.0    0.00    0.00     226         CountTokensInString [86]
-----------------------------------------------
                0.00    0.00     222/222         ezxml_parse_str [147]
[87]     0.0    0.00    0.00     222         ezxml_close_tag [87]
-----------------------------------------------
                0.00    0.00     222/222         FreeNode [81]
[88]     0.0    0.00    0.00     222         ezxml_cut [88]
-----------------------------------------------
                                 444             ezxml_free [89]
                0.00    0.00     222/222         XmlReadArch [132]
[89]     0.0    0.00    0.00     222+444     ezxml_free [89]
                0.00    0.00     222/222         ezxml_free_attr [90]
                                 444             ezxml_free [89]
-----------------------------------------------
                0.00    0.00     222/222         ezxml_free [89]
[90]     0.0    0.00    0.00     222         ezxml_free_attr [90]
-----------------------------------------------
                0.00    0.00     222/222         ezxml_parse_str [147]
[91]     0.0    0.00    0.00     222         ezxml_open_tag [91]
                0.00    0.00     221/221         ezxml_insert [93]
                0.00    0.00     221/221         ezxml_add_child [92]
-----------------------------------------------
                0.00    0.00     221/221         ezxml_open_tag [91]
[92]     0.0    0.00    0.00     221         ezxml_add_child [92]
-----------------------------------------------
                0.00    0.00     221/221         ezxml_open_tag [91]
[93]     0.0    0.00    0.00     221         ezxml_insert [93]
-----------------------------------------------
                0.00    0.00      40/183         XmlReadArch [132]
                0.00    0.00     143/183         FindProperty [98]
[94]     0.0    0.00    0.00     183         ezxml_attr [94]
-----------------------------------------------
                0.00    0.00       2/180         ProcessCB_SB [122]
                0.00    0.00       5/180         ParseFc [109]
                0.00    0.00     173/180         GetNodeTokens [96]
[95]     0.0    0.00    0.00     180         ezxml_set_txt [95]
-----------------------------------------------
                0.00    0.00     173/173         XmlReadArch [132]
[96]     0.0    0.00    0.00     173         GetNodeTokens [96]
                0.00    0.00     346/383841      my_malloc [43]
                0.00    0.00     173/226         CountTokensInString [86]
                0.00    0.00     173/180         ezxml_set_txt [95]
-----------------------------------------------
                0.00    0.00       1/171         alloc_route_structs [138]
                0.00    0.00       1/171         alloc_and_load_timing_graph_levels [136]
                0.00    0.00       2/171         alloc_and_load_pin_to_track_map [119]
                0.00    0.00       2/171         SetupVPR [23]
                0.00    0.00       3/171         check_netlist [31]
                0.00    0.00       3/171         add_rr_graph_C_from_switches [133]
                0.00    0.00       3/171         check_rr_graph [142]
                0.00    0.00       5/171         try_place [1]
                0.00    0.00       6/171         load_rr_indexed_data_T_values [41]
                0.00    0.00       7/171         XmlReadArch [132]
                0.00    0.00     138/171         alloc_and_load_timing_graph [34]
[97]     0.0    0.00    0.00     171         my_calloc [97]
-----------------------------------------------
                0.00    0.00       2/143         ProcessCB_SB [122]
                0.00    0.00       6/143         ParseFc [109]
                0.00    0.00       8/143         ProcessChanWidthDistrDir [123]
                0.00    0.00     127/143         XmlReadArch [132]
[98]     0.0    0.00    0.00     143         FindProperty [98]
                0.00    0.00     143/183         ezxml_attr [94]
-----------------------------------------------
                0.00    0.00     139/139         check_netlist [31]
[99]     0.0    0.00    0.00     139         get_next_hash [99]
-----------------------------------------------
                0.00    0.00       4/125         ProcessChanWidthDistrDir [123]
                0.00    0.00       5/125         ParseFc [109]
                0.00    0.00       6/125         Process_Fc [118]
                0.00    0.00     110/125         XmlReadArch [132]
[100]    0.0    0.00    0.00     125         ezxml_set_attr [100]
-----------------------------------------------
                0.00    0.00     124/124         try_place [1]
[101]    0.0    0.00    0.00     124         load_timing_graph_net_delays [101]
-----------------------------------------------
                0.00    0.00     123/123         try_place [1]
[102]    0.0    0.00    0.00     123         get_std_dev [102]
-----------------------------------------------
                0.00    0.00     123/123         try_place [1]
[103]    0.0    0.00    0.00     123         load_criticalities [103]
-----------------------------------------------
                0.00    0.00     123/123         try_place [1]
[104]    0.0    0.00    0.00     123         update_screen [104]
-----------------------------------------------
                0.00    0.00      57/57          alloc_and_load_timing_graph_levels [136]
[105]    0.0    0.00    0.00      57         alloc_ivector_and_copy_int_list [105]
                0.00    0.00      56/383841      my_malloc [43]
-----------------------------------------------
                0.00    0.00       2/43          XmlReadArch [132]
                0.00    0.00      41/43          FindElement [107]
[106]    0.0    0.00    0.00      43         ezxml_child [106]
-----------------------------------------------
                0.00    0.00      41/41          XmlReadArch [132]
[107]    0.0    0.00    0.00      41         FindElement [107]
                0.00    0.00      41/43          ezxml_child [106]
-----------------------------------------------
                0.00    0.00      36/36          init_chan [128]
[108]    0.0    0.00    0.00      36         comp_width [108]
-----------------------------------------------
                0.00    0.00       6/6           Process_Fc [118]
[109]    0.0    0.00    0.00       6         ParseFc [109]
                0.00    0.00       6/143         FindProperty [98]
                0.00    0.00       5/180         ezxml_set_txt [95]
                0.00    0.00       5/125         ezxml_set_attr [100]
-----------------------------------------------
                0.00    0.00       6/6           SetupVPR [23]
[110]    0.0    0.00    0.00       6         alloc_and_load_grid [110]
                0.00    0.00     766/383841      my_malloc [43]
                0.00    0.00       6/437         alloc_matrix [82]
-----------------------------------------------
                0.00    0.00       6/6           my_chunk_malloc [55]
[111]    0.0    0.00    0.00       6         insert_in_vptr_list [111]
                0.00    0.00       6/383841      my_malloc [43]
-----------------------------------------------
                0.00    0.00       1/5           XmlReadArch [132]
                0.00    0.00       2/5           alloc_and_load_pin_to_track_map [119]
                0.00    0.00       2/5           build_rr_graph [8]
[112]    0.0    0.00    0.00       5         alloc_matrix3 [112]
                0.00    0.00     548/383841      my_malloc [43]
-----------------------------------------------
                0.00    0.00       1/5           alloc_and_load_timing_graph_levels [136]
                0.00    0.00       4/5           node_to_heap [45]
[113]    0.0    0.00    0.00       5         my_realloc [113]
-----------------------------------------------
                0.00    0.00       1/4           free_rr_graph [127]
                0.00    0.00       1/4           free_net_delay [151]
                0.00    0.00       1/4           free_timing_graph [159]
                0.00    0.00       1/4           free_lookups_and_criticalities [150]
[114]    0.0    0.00    0.00       4         free_chunk_memory [114]
-----------------------------------------------
                0.00    0.00       2/4           alloc_and_load_pin_to_track_map [119]
                0.00    0.00       2/4           build_rr_graph [8]
[115]    0.0    0.00    0.00       4         free_matrix3 [115]
-----------------------------------------------
                0.00    0.00       2/4           alloc_route_structs [138]
                0.00    0.00       2/4           build_rr_graph [8]
[116]    0.0    0.00    0.00       4         get_class_range_for_block [116]
-----------------------------------------------
                0.00    0.00       3/3           ReadOptions [176]
[117]    0.0    0.00    0.00       3         ProcessOption [117]
                0.00    0.00       1/1           ReadInt [131]
-----------------------------------------------
                0.00    0.00       3/3           XmlReadArch [132]
[118]    0.0    0.00    0.00       3         Process_Fc [118]
                0.00    0.00       6/125         ezxml_set_attr [100]
                0.00    0.00       6/6           ParseFc [109]
-----------------------------------------------
                0.00    0.00       3/3           build_rr_graph [8]
[119]    0.0    0.00    0.00       3         alloc_and_load_pin_to_track_map [119]
                0.00    0.00       6/383841      my_malloc [43]
                0.00    0.00       4/437         alloc_matrix [82]
                0.00    0.00       4/430         free_matrix [84]
                0.00    0.00       2/2           alloc_matrix4 [125]
                0.00    0.00       2/5           alloc_matrix3 [112]
                0.00    0.00       2/171         my_calloc [97]
                0.00    0.00       2/4           free_matrix3 [115]
-----------------------------------------------
                0.00    0.00       1/3           free_timing_graph [159]
                0.00    0.00       2/3           free_route_structs [152]
[120]    0.0    0.00    0.00       3         free_ivec_vector [120]
-----------------------------------------------
                0.00    0.00       3/3           build_rr_graph [8]
[121]    0.0    0.00    0.00       3         free_matrix4 [121]
-----------------------------------------------
                0.00    0.00       2/2           XmlReadArch [132]
[122]    0.0    0.00    0.00       2         ProcessCB_SB [122]
                0.00    0.00       2/143         FindProperty [98]
                0.00    0.00       2/180         ezxml_set_txt [95]
-----------------------------------------------
                0.00    0.00       2/2           XmlReadArch [132]
[123]    0.0    0.00    0.00       2         ProcessChanWidthDistrDir [123]
                0.00    0.00       8/143         FindProperty [98]
                0.00    0.00       4/125         ezxml_set_attr [100]
-----------------------------------------------
                0.00    0.00       2/2           check_netlist [31]
[124]    0.0    0.00    0.00       2         alloc_hash_table [124]
-----------------------------------------------
                0.00    0.00       2/2           alloc_and_load_pin_to_track_map [119]
[125]    0.0    0.00    0.00       2         alloc_matrix4 [125]
                0.00    0.00     254/383841      my_malloc [43]
-----------------------------------------------
                0.00    0.00       2/2           check_netlist [31]
[126]    0.0    0.00    0.00       2         free_hash_table [126]
-----------------------------------------------
                0.00    0.00       2/2           compute_delay_lookup_tables [6]
[127]    0.0    0.00    0.00       2         free_rr_graph [127]
                0.00    0.00       1/4           free_chunk_memory [114]
                0.00    0.00       1/1           free_rr_node_indices [154]
-----------------------------------------------
                0.00    0.00       1/2           try_place [1]
                0.00    0.00       1/2           compute_delay_lookup_tables [6]
[128]    0.0    0.00    0.00       2         init_chan [128]
                0.00    0.00      36/36          comp_width [108]
-----------------------------------------------
                0.00    0.00       1/2           read_netlist [165]
                0.00    0.00       1/2           print_place [164]
[129]    0.0    0.00    0.00       2         my_fopen [129]
-----------------------------------------------
                0.00    0.00       2/2           build_rr_graph [8]
[130]    0.0    0.00    0.00       2         print_rr_node [130]
                0.00    0.00       2/383841      my_malloc [43]
-----------------------------------------------
                0.00    0.00       1/1           ProcessOption [117]
[131]    0.0    0.00    0.00       1         ReadInt [131]
-----------------------------------------------
                0.00    0.00       1/1           SetupVPR [23]
[132]    0.0    0.00    0.00       1         XmlReadArch [132]
                0.00    0.00     450/450         FreeNode [81]
                0.00    0.00     231/3774        my_atoi [60]
                0.00    0.00     222/222         ezxml_free [89]
                0.00    0.00     173/173         GetNodeTokens [96]
                0.00    0.00     173/3302        FreeTokens [61]
                0.00    0.00     161/3287        CountTokens [62]
                0.00    0.00     127/143         FindProperty [98]
                0.00    0.00     110/125         ezxml_set_attr [100]
                0.00    0.00      95/383841      my_malloc [43]
                0.00    0.00      53/226         CountTokensInString [86]
                0.00    0.00      41/41          FindElement [107]
                0.00    0.00      40/183         ezxml_attr [94]
                0.00    0.00       7/171         my_calloc [97]
                0.00    0.00       3/3           Process_Fc [118]
                0.00    0.00       3/1359        my_strdup [64]
                0.00    0.00       2/2           ProcessChanWidthDistrDir [123]
                0.00    0.00       2/437         alloc_matrix [82]
                0.00    0.00       2/43          ezxml_child [106]
                0.00    0.00       2/2           ProcessCB_SB [122]
                0.00    0.00       1/1           ezxml_parse_file [146]
                0.00    0.00       1/5           alloc_matrix3 [112]
-----------------------------------------------
                0.00    0.00       1/1           build_rr_graph [8]
[133]    0.0    0.00    0.00       1         add_rr_graph_C_from_switches [133]
                0.00    0.00   78880/78880       seg_index_of_cblock [48]
                0.00    0.00   65868/65868       seg_index_of_sblock [49]
                0.00    0.00       3/171         my_calloc [97]
-----------------------------------------------
                0.00    0.00       1/1           compute_delay_lookup_tables [6]
[134]    0.0    0.00    0.00       1         alloc_and_load_rr_node_route_structs [134]
                0.00    0.00       1/383841      my_malloc [43]
-----------------------------------------------
                0.00    0.00       1/1           build_rr_graph [8]
[135]    0.0    0.00    0.00       1         alloc_and_load_seg_details [135]
                0.00    0.00     267/383841      my_malloc [43]
-----------------------------------------------
                0.00    0.00       1/1           alloc_and_load_timing_graph [34]
[136]    0.0    0.00    0.00       1         alloc_and_load_timing_graph_levels [136]
                0.00    0.00    5604/5604        insert_in_int_list [56]
                0.00    0.00      57/57          alloc_ivector_and_copy_int_list [105]
                0.00    0.00       1/171         my_calloc [97]
                0.00    0.00       1/383841      my_malloc [43]
                0.00    0.00       1/5           my_realloc [113]
                0.00    0.00       1/1           free_int_list [149]
-----------------------------------------------
                0.00    0.00       1/1           alloc_lookups_and_criticalities [5]
[137]    0.0    0.00    0.00       1         alloc_net_delay [137]
                0.00    0.00     511/6904        my_chunk_malloc [55]
                0.00    0.00       1/383841      my_malloc [43]
-----------------------------------------------
                0.00    0.00       1/1           compute_delay_lookup_tables [6]
[138]    0.0    0.00    0.00       1         alloc_route_structs [138]
                0.00    0.00       8/383841      my_malloc [43]
                0.00    0.00       2/4           get_class_range_for_block [116]
                0.00    0.00       1/171         my_calloc [97]
-----------------------------------------------
                0.00    0.00       1/1           compute_delay_lookup_tables [6]
[139]    0.0    0.00    0.00       1         alloc_route_tree_timing_structs [139]
                0.00    0.00       1/383841      my_malloc [43]
-----------------------------------------------
                0.00    0.00       1/1           build_rr_graph [8]
[140]    0.0    0.00    0.00       1         alloc_sblock_pattern_lookup [140]
                0.00    0.00       5/383841      my_malloc [43]
-----------------------------------------------
                0.00    0.00       1/1           compute_delay_lookup_tables [6]
[141]    0.0    0.00    0.00       1         alloc_timing_driven_route_structs [141]
                0.00    0.00       3/383841      my_malloc [43]
-----------------------------------------------
                0.00    0.00       1/1           build_rr_graph [8]
[142]    0.0    0.00    0.00       1         check_rr_graph [142]
                0.00    0.00   20292/20292       check_node [53]
                0.00    0.00       3/171         my_calloc [97]
-----------------------------------------------
                0.00    0.00       1/1           alloc_and_load_timing_graph [34]
[143]    0.0    0.00    0.00       1         check_timing_graph [143]
-----------------------------------------------
                0.00    0.00       1/1           ezxml_parse_str [147]
[144]    0.0    0.00    0.00       1         ezxml_new [144]
-----------------------------------------------
                0.00    0.00       1/1           ezxml_parse_file [146]
[145]    0.0    0.00    0.00       1         ezxml_parse_fd [145]
                0.00    0.00       1/1           ezxml_parse_str [147]
-----------------------------------------------
                0.00    0.00       1/1           XmlReadArch [132]
[146]    0.0    0.00    0.00       1         ezxml_parse_file [146]
                0.00    0.00       1/1           ezxml_parse_fd [145]
-----------------------------------------------
                0.00    0.00       1/1           ezxml_parse_fd [145]
[147]    0.0    0.00    0.00       1         ezxml_parse_str [147]
                0.00    0.00     431/431         ezxml_char_content [83]
                0.00    0.00     222/222         ezxml_open_tag [91]
                0.00    0.00     222/222         ezxml_close_tag [87]
                0.00    0.00     120/551         ezxml_decode [68]
                0.00    0.00       1/1           ezxml_new [144]
                0.00    0.00       1/1           ezxml_str2utf8 [148]
-----------------------------------------------
                0.00    0.00       1/1           ezxml_parse_str [147]
[148]    0.0    0.00    0.00       1         ezxml_str2utf8 [148]
-----------------------------------------------
                0.00    0.00       1/1           alloc_and_load_timing_graph_levels [136]
[149]    0.0    0.00    0.00       1         free_int_list [149]
-----------------------------------------------
                0.00    0.00       1/1           try_place [1]
[150]    0.0    0.00    0.00       1         free_lookups_and_criticalities [150]
                0.00    0.00       1/4           free_chunk_memory [114]
                0.00    0.00       1/1           free_timing_graph [159]
-----------------------------------------------
                0.00    0.00       1/1           try_place [1]
[151]    0.0    0.00    0.00       1         free_net_delay [151]
                0.00    0.00       1/4           free_chunk_memory [114]
-----------------------------------------------
                0.00    0.00       1/1           compute_delay_lookup_tables [6]
[152]    0.0    0.00    0.00       1         free_route_structs [152]
                0.00    0.00       2/3           free_ivec_vector [120]
-----------------------------------------------
                0.00    0.00       1/1           compute_delay_lookup_tables [6]
[153]    0.0    0.00    0.00       1         free_route_tree_timing_structs [153]
-----------------------------------------------
                0.00    0.00       1/1           free_rr_graph [127]
[154]    0.0    0.00    0.00       1         free_rr_node_indices [154]
-----------------------------------------------
                0.00    0.00       1/1           compute_delay_lookup_tables [6]
[155]    0.0    0.00    0.00       1         free_rr_node_route_structs [155]
-----------------------------------------------
                0.00    0.00       1/1           build_rr_graph [8]
[156]    0.0    0.00    0.00       1         free_sblock_pattern_lookup [156]
-----------------------------------------------
                0.00    0.00       1/1           build_rr_graph [8]
[157]    0.0    0.00    0.00       1         free_seg_details [157]
-----------------------------------------------
                0.00    0.00       1/1           compute_delay_lookup_tables [6]
[158]    0.0    0.00    0.00       1         free_timing_driven_route_structs [158]
-----------------------------------------------
                0.00    0.00       1/1           free_lookups_and_criticalities [150]
[159]    0.0    0.00    0.00       1         free_timing_graph [159]
                0.00    0.00       1/4           free_chunk_memory [114]
                0.00    0.00       1/3           free_ivec_vector [120]
-----------------------------------------------
                0.00    0.00       1/1           compute_delay_lookup_tables [6]
[160]    0.0    0.00    0.00       1         free_trace_structs [160]
                0.00    0.00       1/479         free_traceback [69]
-----------------------------------------------
                0.00    0.00       1/1           try_place [1]
[161]    0.0    0.00    0.00       1         init_draw_coords [161]
-----------------------------------------------
                0.00    0.00       1/1           compute_delay_lookup_tables [6]
[162]    0.0    0.00    0.00       1         init_route_structs [162]
                0.00    0.00       1/479         free_traceback [69]
-----------------------------------------------
                0.00    0.00       1/1           place_and_route [2]
[163]    0.0    0.00    0.00       1         post_place_sync [163]
-----------------------------------------------
                0.00    0.00       1/1           place_and_route [2]
[164]    0.0    0.00    0.00       1         print_place [164]
                0.00    0.00       1/2           my_fopen [129]
-----------------------------------------------
                0.00    0.00       1/1           SetupVPR [23]
[165]    0.0    0.00    0.00       1         read_netlist [165]
                0.00    0.00    3543/3774        my_atoi [60]
                0.00    0.00    3129/3302        FreeTokens [61]
                0.00    0.00    3126/3287        CountTokens [62]
                0.00    0.00    2943/2943        ReadLineTokens [63]
                0.00    0.00    2001/383841      my_malloc [43]
                0.00    0.00    1352/1359        my_strdup [64]
                0.00    0.00       1/2           my_fopen [129]
                0.00    0.00       1/1           sync_nets_to_blocks [167]
-----------------------------------------------
                0.00    0.00       1/1           check_netlist [31]
[166]    0.0    0.00    0.00       1         start_hash_table_iterator [166]
-----------------------------------------------
                0.00    0.00       1/1           read_netlist [165]
[167]    0.0    0.00    0.00       1         sync_nets_to_blocks [167]
                0.00    0.00    1022/383841      my_malloc [43]
-----------------------------------------------

 This table describes the call tree of the program, and was sorted by
 the total amount of time spent in each function and its children.

 Each entry in this table consists of several lines.  The line with the
 index number at the left hand margin lists the current function.
 The lines above it list the functions that called this function,
 and the lines below it list the functions this one called.
 This line lists:
     index	A unique number given to each element of the table.
		Index numbers are sorted numerically.
		The index number is printed next to every function name so
		it is easier to look up where the function in the table.

     % time	This is the percentage of the `total' time that was spent
		in this function and its children.  Note that due to
		different viewpoints, functions excluded by options, etc,
		these numbers will NOT add up to 100%.

     self	This is the total amount of time spent in this function.

     children	This is the total amount of time propagated into this
		function by its children.

     called	This is the number of times the function was called.
		If the function called itself recursively, the number
		only includes non-recursive calls, and is followed by
		a `+' and the number of recursive calls.

     name	The name of the current function.  The index number is
		printed after it.  If the function is a member of a
		cycle, the cycle number is printed between the
		function's name and the index number.


 For the function's parents, the fields have the following meanings:

     self	This is the amount of time that was propagated directly
		from the function into this parent.

     children	This is the amount of time that was propagated from
		the function's children into this parent.

     called	This is the number of times this parent called the
		function `/' the total number of times the function
		was called.  Recursive calls to the function are not
		included in the number after the `/'.

     name	This is the name of the parent.  The parent's index
		number is printed after it.  If the parent is a
		member of a cycle, the cycle number is printed between
		the name and the index number.

 If the parents of the function cannot be determined, the word
 `<spontaneous>' is printed in the `name' field, and all the other
 fields are blank.

 For the function's children, the fields have the following meanings:

     self	This is the amount of time that was propagated directly
		from the child into the function.

     children	This is the amount of time that was propagated from the
		child's children to the function.

     called	This is the number of times the function called
		this child `/' the total number of times the child
		was called.  Recursive calls by the child are not
		listed in the number after the `/'.

     name	This is the name of the child.  The child's index
		number is printed after it.  If the child is a
		member of a cycle, the cycle number is printed
		between the name and the index number.

 If there are any cycles (circles) in the call graph, there is an
 entry for the cycle-as-a-whole.  This entry shows who called the
 cycle (as parents) and the members of the cycle (as children.)
 The `+' recursive calls entry shows the number of function calls that
 were internal to the cycle, and the calls entry for each member shows,
 for that member, how many times it was called from other members of
 the cycle.


Index by function name

  [62] CountTokens           [106] ezxml_child            [10] get_unidir_track_to_chan_seg
  [86] CountTokensInString    [87] ezxml_close_tag        [66] hash_value
 [107] FindElement            [88] ezxml_cut              [73] heapsort
  [98] FindProperty           [68] ezxml_decode          [128] init_chan
  [81] FreeNode               [89] ezxml_free            [161] init_draw_coords
  [61] FreeTokens             [90] ezxml_free_attr       [162] init_route_structs
  [96] GetNodeTokens          [93] ezxml_insert           [74] init_route_tree_to_source
 [109] ParseFc               [144] ezxml_new              [47] insert_in_edge_list
 [122] ProcessCB_SB           [91] ezxml_open_tag         [67] insert_in_hash_table
 [123] ProcessChanWidthDistrDir [145] ezxml_parse_fd      [56] insert_in_int_list
 [117] ProcessOption         [146] ezxml_parse_file      [111] insert_in_vptr_list
 [118] Process_Fc            [147] ezxml_parse_str        [36] is_cbox
 [131] ReadInt               [100] ezxml_set_attr         [26] is_opin
  [63] ReadLineTokens         [95] ezxml_set_txt          [22] is_sbox
 [132] XmlReadArch           [148] ezxml_str2utf8         [11] label_wire_muxes
  [70] add_route_tree_to_heap [114] free_chunk_memory     [37] load_chan_rr_indices
 [133] add_rr_graph_C_from_switches [126] free_hash_table [103] load_criticalities
  [54] add_to_mod_list        [51] free_heap_data         [39] load_net_rr_terminals
  [25] alloc_and_load_edges_and_switches [149] free_int_list [28] load_net_slack
 [110] alloc_and_load_grid   [120] free_ivec_vector       [85] load_one_fb_fanout_count
 [119] alloc_and_load_pin_to_track_map [150] free_lookups_and_criticalities [41] load_rr_indexed_data_T_values
  [40] alloc_and_load_rr_indexed_data [84] free_matrix    [75] load_rt_subtree_Tdel
  [38] alloc_and_load_rr_node_indices [115] free_matrix3  [30] load_sblock_pattern_lookup
 [134] alloc_and_load_rr_node_route_structs [121] free_matrix4 [101] load_timing_graph_net_delays
 [135] alloc_and_load_seg_details [151] free_net_delay    [76] mark_ends
  [34] alloc_and_load_timing_graph [152] free_route_structs [60] my_atoi
 [136] alloc_and_load_timing_graph_levels [72] free_route_tree [97] my_calloc
 [124] alloc_hash_table      [153] free_route_tree_timing_structs [55] my_chunk_malloc
 [105] alloc_ivector_and_copy_int_list [127] free_rr_graph [129] my_fopen
   [5] alloc_lookups_and_criticalities [154] free_rr_node_indices [42] my_frand
  [82] alloc_matrix          [155] free_rr_node_route_structs [32] my_irand
 [112] alloc_matrix3         [156] free_sblock_pattern_lookup [43] my_malloc
 [125] alloc_matrix4         [157] free_seg_details      [113] my_realloc
 [137] alloc_net_delay       [158] free_timing_driven_route_structs [33] my_srandom
 [138] alloc_route_structs   [159] free_timing_graph      [64] my_strdup
 [139] alloc_route_tree_timing_structs [160] free_trace_structs [45] node_to_heap
  [58] alloc_rt_node          [69] free_traceback         [65] pathfinder_update_one_cost
 [140] alloc_sblock_pattern_lookup [14] get_bb_from_scratch [163] post_place_sync
 [141] alloc_timing_driven_route_structs [116] get_class_range_for_block [57] print_netlist
  [59] alloc_trace_data       [16] get_first_pin         [164] print_place
   [8] build_rr_graph         [19] get_heap_head         [130] print_rr_node
  [31] check_netlist          [27] get_mst_of_net        [165] read_netlist
  [53] check_node             [12] get_net_cost           [77] reset_path_costs
 [142] check_rr_graph         [99] get_next_hash          [48] seg_index_of_cblock
 [143] check_timing_graph      [7] get_non_updateable_bb  [49] seg_index_of_sblock
  [20] comp_bb_cost           [46] get_rr_cong_cost      [166] start_hash_table_iterator
  [21] comp_td_costs          [18] get_rr_node_index     [167] sync_nets_to_blocks
   [4] comp_td_point_to_point_delay [50] get_seg_end      [17] timing_driven_route_net
 [108] comp_width             [13] get_seg_start           [1] try_place
   [6] compute_delay_lookup_tables [52] get_simple_switch_block_track [3] try_swap
  [29] dump_seg_details      [102] get_std_dev            [15] update_bb
  [71] empty_heap             [44] get_timing_driven_expected_cost [78] update_net_delays_from_route_tree
  [92] ezxml_add_child        [35] get_track_to_ipins     [79] update_route_tree
  [94] ezxml_attr              [9] get_track_to_tracks   [104] update_screen
  [83] ezxml_char_content     [24] get_unidir_opin_connections [80] update_traceback
